[23:33:31] [main/INFO]: Setting user: Player981
[23:33:32] [Client thread/INFO]: LWJGL Version: 2.9.1
[23:33:39] [Client thread/INFO]: Reloading ResourceManager: Default, FMLFileResourcePack:Forge Mod Loader, FMLFileResourcePack:Minecraft Forge, FMLFileResourcePack:Example Mod
[23:33:40] [Sound Library Loader/INFO]: Sound engine started
[23:33:42] [Client thread/INFO]: Created: 16x16 textures/blocks-atlas
[23:33:42] [Client thread/INFO]: Created: 16x16 textures/items-atlas
[23:33:42] [Client thread/INFO]: Reloading ResourceManager: Default, FMLFileResourcePack:Forge Mod Loader, FMLFileResourcePack:Minecraft Forge, FMLFileResourcePack:Example Mod
[23:33:42] [Client thread/INFO]: Created: 512x256 textures/blocks-atlas
[23:33:42] [Client thread/INFO]: Created: 256x256 textures/items-atlas
[23:33:43] [Sound Library Loader/INFO]: Sound engine started
[23:34:01] [Server thread/INFO]: Starting integrated minecraft server version 1.7.10
[23:34:01] [Server thread/INFO]: Generating keypair
[23:34:01] [Server thread/INFO]: Converting map!
[23:34:01] [Server thread/INFO]: Scanning folders...
[23:34:01] [Server thread/INFO]: Total conversion count is 0
[23:34:02] [Server thread/INFO]: Preparing start region for level 0
[23:34:02] [Server thread/INFO]: Changing view distance to 12, from 10
[23:34:03] [Server thread/INFO]: Player981[local:E:b1de0d73] logged in with entity id 26 at (293.5, 4.0, -2041.5)
[23:34:03] [Server thread/INFO]: Player981 joined the game
[23:34:14] [Client thread/INFO]: [CHAT] /gamemode, /gamerule
[23:34:21] [Server thread/INFO]: [Player981: Game rule has been updated]
[23:34:21] [Client thread/INFO]: [CHAT] Game rule has been updated
[23:34:28] [Server thread/INFO]: [Player981: Set the time to 12000]
[23:34:28] [Client thread/INFO]: [CHAT] Set the time to 12000
[23:34:33] [Server thread/INFO]: [Player981: Set the time to 6000]
[23:34:33] [Client thread/INFO]: [CHAT] Set the time to 6000
[23:34:38] [Client thread/INFO]: [CHAT] doMobLoot, doMobSpawning
[23:34:42] [Server thread/INFO]: [Player981: Game rule has been updated]
[23:34:42] [Client thread/INFO]: [CHAT] Game rule has been updated
[23:34:46] [Server thread/INFO]: Player981 fell out of the world
[23:34:46] [Client thread/INFO]: [CHAT] Player981 fell out of the world
[23:34:46] [Client thread/INFO]: [CHAT] Ouch! That looked like it hurt
[23:34:55] [Server thread/INFO]: Saving and pausing game...
[23:34:55] [Server thread/INFO]: Saving chunks for level 'Test'/Overworld
[23:34:55] [Server thread/INFO]: Saving chunks for level 'Test'/Nether
[23:34:55] [Server thread/INFO]: Saving chunks for level 'Test'/The End
[23:34:56] [Server thread/INFO]: Stopping server
[23:34:56] [Server thread/INFO]: Saving players
[23:34:56] [Server thread/INFO]: Saving worlds
[23:34:56] [Server thread/INFO]: Saving chunks for level 'Test'/Overworld
[23:34:56] [Server thread/INFO]: Saving chunks for level 'Test'/Nether
[23:34:56] [Server thread/INFO]: Saving chunks for level 'Test'/The End
[23:35:05] [Client thread/INFO]: Stopping!
